\BOOKMARK [0][-]{chapter.1}{\376\377\000\040\000G\000i\036\333\000i\000\040\000t\000h\000i\036\307\000u}{}% 1
\BOOKMARK [0][-]{chapter.2}{\376\377\000\040\000I\000n\000t\000e\000r\000c\000h\000a\000n\000g\000e\000\040\000-\000\040\000H\000o\000\341\000n\000\040\001\021\036\325\000i\000\040\000c\000\341\000c\000\040\000p\000h\036\247\000n\000\040\000t\036\355\000\040\000t\000r\000o\000n\000g\000\040\000m\036\243\000n\000g}{}% 2
\BOOKMARK [1][-]{section.2.1}{\376\377\000\040\000I\000n\000t\000e\000r\000c\000h\000a\000n\000g\000e\000\040\000S\000o\000r\000t\000\040\000-\000\040\000S\036\257\000p\000\040\000x\036\277\000p\000\040\000h\000o\000\341\000n\000\040\001\021\036\325\000i}{chapter.2}% 3
\BOOKMARK [2][-]{subsection.2.1.1}{\376\377\000\040\001\020\036\313\000n\000h\000\040\000n\000g\000h\001\051\000a}{section.2.1}% 4
\BOOKMARK [2][-]{subsection.2.1.2}{\376\377\000\040\000M\000\343\000\040\000g\000i\036\243\000\040\000-\000\040\000M\000\364\000\040\000h\000\354\000n\000h\000\040\000t\000h\000u\036\255\000t\000\040\000t\000o\000\341\000n}{section.2.1}% 5
\BOOKMARK [2][-]{subsection.2.1.3}{\376\377\000\040\001\020\000\341\000n\000h\000\040\000g\000i\000\341\000\040\000t\000h\000u\036\255\000t\000\040\000t\000o\000\341\000n}{section.2.1}% 6
\BOOKMARK [1][-]{section.2.2}{\376\377\000\040\000Q\000u\000i\000c\000k\000\040\000S\000o\000r\000t\000\040\000-\000\040\000B\036\243\000n\000\040\000n\000\342\000n\000g\000\040\000c\036\245\000p\000\040\000c\036\347\000a\000\040\000I\000n\000t\000e\000r\000c\000h\000a\000n\000g\000e\000\040\000S\000o\000r\000t}{chapter.2}% 7
\BOOKMARK [2][-]{subsection.2.2.1}{\376\377\000\040\001\020\036\313\000n\000h\000\040\000n\000g\000h\001\051\000a}{section.2.2}% 8
\BOOKMARK [2][-]{subsection.2.2.2}{\376\377\000\335\000\040\000t\001\260\036\337\000n\000g\000\040\000m\036\333\000i}{section.2.2}% 9
\BOOKMARK [2][-]{subsection.2.2.3}{\376\377\000\040\000M\000\343\000\040\000g\000i\036\243\000\040\000-\000\040\000M\000\364\000\040\000h\000\354\000n\000h\000\040\000t\000h\000u\036\255\000t\000\040\000t\000o\000\341\000n}{section.2.2}% 10
\BOOKMARK [2][-]{subsection.2.2.4}{\376\377\000\040\001\020\000\341\000n\000h\000\040\000g\000i\000\341\000\040\000t\000h\000u\036\255\000t\000\040\000t\000o\000\341\000n}{section.2.2}% 11
\BOOKMARK [1][-]{section.2.3}{\376\377\000\040\000B\000u\000b\000b\000l\000e\000\040\000S\000o\000r\000t\000\040\000-\000\040\000S\036\257\000p\000\040\000x\036\277\000p\000\040\000n\036\325\000i\000\040\000b\036\315\000t}{chapter.2}% 12
\BOOKMARK [2][-]{subsection.2.3.1}{\376\377\000\040\001\020\036\313\000n\000h\000\040\000n\000g\000h\001\051\000a}{section.2.3}% 13
\BOOKMARK [2][-]{subsection.2.3.2}{\376\377\000\040\000M\000\343\000\040\000g\000i\036\243\000\040\000-\000\040\000M\000\364\000\040\000h\000\354\000n\000h\000\040\000t\000h\000u\036\255\000t\000\040\000t\000o\000\341\000n}{section.2.3}% 14
\BOOKMARK [2][-]{subsection.2.3.3}{\376\377\000\040\001\020\000\341\000n\000h\000\040\000g\000i\000\341\000\040\000t\000h\000u\036\255\000t\000\040\000t\000o\000\341\000n}{section.2.3}% 15
\BOOKMARK [1][-]{section.2.4}{\376\377\000\040\000S\000h\000a\000k\000e\000\040\000S\000o\000r\000t\000\040\000-\000\040\000B\036\243\000n\000\040\000n\000\342\000n\000g\000\040\000c\036\245\000p\000\040\000c\036\347\000a\000\040\000B\000u\000b\000b\000l\000e\000\040\000S\000o\000r\000t}{chapter.2}% 16
\BOOKMARK [2][-]{subsection.2.4.1}{\376\377\000\040\001\020\036\313\000n\000h\000\040\000n\000g\000h\001\051\000a}{section.2.4}% 17
\BOOKMARK [2][-]{subsection.2.4.2}{\376\377\000\335\000\040\000t\001\260\036\337\000n\000g\000\040\000m\036\333\000i}{section.2.4}% 18
\BOOKMARK [2][-]{subsection.2.4.3}{\376\377\000\040\000M\000\343\000\040\000g\000i\036\243\000\040\000-\000\040\000M\000\364\000\040\000h\000\354\000n\000h\000\040\000t\000h\000u\036\255\000t\000\040\000t\000o\000\341\000n}{section.2.4}% 19
\BOOKMARK [2][-]{subsection.2.4.4}{\376\377\000\040\001\020\000\341\000n\000h\000\040\000g\000i\000\341\000\040\000t\000h\000u\036\255\000t\000\040\000t\000o\000\341\000n}{section.2.4}% 20
\BOOKMARK [0][-]{chapter.3}{\376\377\000\040\000I\000n\000s\000e\000r\000t\000i\000o\000n\000\040\000-\000\040\000C\000h\000\350\000n\000\040\000p\000h\036\247\000n\000\040\000t\036\355\000\040\000v\000\340\000o\000\040\000m\036\243\000n\000g}{}% 21
\BOOKMARK [1][-]{section.3.1}{\376\377\000\040\000I\000n\000s\000e\000r\000t\000i\000o\000n\000\040\000S\000o\000r\000t\000\040\000-\000\040\000S\036\257\000p\000\040\000x\036\277\000p\000\040\000c\000h\000\350\000n}{chapter.3}% 22
\BOOKMARK [2][-]{subsection.3.1.1}{\376\377\000\040\001\020\036\313\000n\000h\000\040\000n\000g\000h\001\051\000a}{section.3.1}% 23
\BOOKMARK [2][-]{subsection.3.1.2}{\376\377\000\040\000\335\000\040\000t\001\260\036\337\000n\000g}{section.3.1}% 24
\BOOKMARK [2][-]{subsection.3.1.3}{\376\377\000\040\000M\000\343\000\040\000g\000i\036\243\000\040\000-\000\040\000M\000\364\000\040\000h\000\354\000n\000h\000\040\000t\000h\000u\036\255\000t\000\040\000t\000o\000\341\000n}{section.3.1}% 25
\BOOKMARK [2][-]{subsection.3.1.4}{\376\377\000\040\001\020\000\341\000n\000h\000\040\000g\000i\000\341\000\040\000t\000h\000u\036\255\000t\000\040\000t\000o\000\341\000n}{section.3.1}% 26
\BOOKMARK [1][-]{section.3.2}{\376\377\000\040\000B\000i\000n\000a\000r\000y\000\040\000I\000n\000s\000e\000r\000t\000i\000o\000n\000\040\000S\000o\000r\000t\000\040\000-\000\040\000B\036\243\000n\000\040\000n\000\342\000n\000g\000\040\000c\036\245\000p\000\040\000c\036\347\000a\000\040\000I\000n\000s\000e\000r\000t\000i\000o\000n\000\040\000S\000o\000r\000t}{chapter.3}% 27
\BOOKMARK [2][-]{subsection.3.2.1}{\376\377\000\040\001\020\036\313\000n\000h\000\040\000n\000g\000h\001\051\000a}{section.3.2}% 28
\BOOKMARK [2][-]{subsection.3.2.2}{\376\377\000\335\000\040\000t\001\260\036\337\000n\000g\000\040\000m\036\333\000i}{section.3.2}% 29
\BOOKMARK [2][-]{subsection.3.2.3}{\376\377\000\040\000M\000\343\000\040\000g\000i\036\243\000\040\000-\000\040\000M\000\364\000\040\000h\000\354\000n\000h\000\040\000t\000h\000u\036\255\000t\000\040\000t\000o\000\341\000n}{section.3.2}% 30
\BOOKMARK [2][-]{subsection.3.2.4}{\376\377\000\040\001\020\000\341\000n\000h\000\040\000g\000i\000\341\000\040\000t\000h\000u\036\255\000t\000\040\000t\000o\000\341\000n}{section.3.2}% 31
\BOOKMARK [1][-]{section.3.3}{\376\377\000\040\000S\000h\000e\000l\000l\000\040\000S\000o\000r\000t\000\040\000-\000\040\000B\036\243\000n\000\040\000n\000\342\000n\000g\000\040\000c\036\245\000p\000\040\000c\036\347\000a\000\040\000I\000n\000s\000e\000r\000t\000i\000o\000n\000\040\000S\000o\000r\000t}{chapter.3}% 32
\BOOKMARK [2][-]{subsection.3.3.1}{\376\377\000\040\001\020\036\313\000n\000h\000\040\000n\000g\000h\001\051\000a}{section.3.3}% 33
\BOOKMARK [2][-]{subsection.3.3.2}{\376\377\000\335\000\040\000t\001\260\036\337\000n\000g\000\040\000m\036\333\000i}{section.3.3}% 34
\BOOKMARK [2][-]{subsection.3.3.3}{\376\377\000\040\000M\000\343\000\040\000g\000i\036\243\000\040\000-\000\040\000M\000\364\000\040\000h\000\354\000n\000h\000\040\000t\000h\000u\036\255\000t\000\040\000t\000o\000\341\000n}{section.3.3}% 35
\BOOKMARK [2][-]{subsection.3.3.4}{\376\377\000\040\001\020\000\341\000n\000h\000\040\000g\000i\000\341\000\040\000t\000h\000u\036\255\000t\000\040\000t\000o\000\341\000n}{section.3.3}% 36
\BOOKMARK [0][-]{chapter.4}{\376\377\000\040\000S\000e\000l\000e\000c\000t\000i\000o\000n\000\040\000-\000\040\000C\000h\036\315\000n\000\040\000p\000h\036\247\000n\000\040\000t\036\355\000\040\000t\000r\000o\000n\000g\000\040\000m\036\243\000n\000g}{}% 37
\BOOKMARK [1][-]{section.4.1}{\376\377\000\040\000S\000e\000l\000e\000c\000t\000i\000o\000n\000\040\000S\000o\000r\000t\000\040\000-\000\040\000S\036\257\000p\000\040\000x\036\277\000p\000\040\000c\000h\036\315\000n}{chapter.4}% 38
\BOOKMARK [2][-]{subsection.4.1.1}{\376\377\000\040\001\020\036\313\000n\000h\000\040\000n\000g\000h\001\051\000a}{section.4.1}% 39
\BOOKMARK [2][-]{subsection.4.1.2}{\376\377\000\040\000\335\000\040\000t\001\260\036\337\000n\000g}{section.4.1}% 40
\BOOKMARK [2][-]{subsection.4.1.3}{\376\377\000\040\000M\000\343\000\040\000g\000i\036\243\000\040\000-\000\040\000M\000\364\000\040\000h\000\354\000n\000h\000\040\000t\000h\000u\036\255\000t\000\040\000t\000o\000\341\000n}{section.4.1}% 41
\BOOKMARK [2][-]{subsection.4.1.4}{\376\377\000\040\001\020\000\341\000n\000h\000\040\000g\000i\000\341\000\040\000t\000h\000u\036\255\000t\000\040\000t\000o\000\341\000n}{section.4.1}% 42
\BOOKMARK [1][-]{section.4.2}{\376\377\000\040\000H\000e\000a\000p\000\040\000S\000o\000r\000t\000\040\000-\000\040\000B\036\243\000n\000\040\000n\000\342\000n\000g\000\040\000c\036\245\000p\000\040\000c\036\347\000a\000\040\000S\000e\000l\000e\000c\000t\000i\000o\000n\000\040\000S\000o\000r\000t}{chapter.4}% 43
\BOOKMARK [2][-]{subsection.4.2.1}{\376\377\000\040\001\020\036\313\000n\000h\000\040\000n\000g\000h\001\051\000a}{section.4.2}% 44
\BOOKMARK [2][-]{subsection.4.2.2}{\376\377\000\335\000\040\000t\001\260\036\337\000n\000g\000\040\000m\036\333\000i}{section.4.2}% 45
\BOOKMARK [2][-]{subsection.4.2.3}{\376\377\000\040\000M\000\343\000\040\000g\000i\036\243\000\040\000-\000\040\000M\000\364\000\040\000h\000\354\000n\000h\000\040\000t\000h\000u\036\255\000t\000\040\000t\000o\000\341\000n}{section.4.2}% 46
\BOOKMARK [2][-]{subsection.4.2.4}{\376\377\000\040\001\020\000\341\000n\000h\000\040\000g\000i\000\341\000\040\000t\000h\000u\036\255\000t\000\040\000t\000o\000\341\000n}{section.4.2}% 47
\BOOKMARK [0][-]{chapter.5}{\376\377\000\040\000M\000e\000r\000g\000e\000\040\000-\000\040\000T\000r\036\331\000n\000\040\000c\000\341\000c\000\040\000p\000h\036\247\000n\000\040\000t\036\355\000\040\000c\036\347\000a\000\040\000m\036\243\000n\000g\000\040\000n\000\340\000y\000\040\000v\000\340\000o\000\040\000m\036\243\000n\000g\000\040\000k\000h\000\341\000c}{}% 48
\BOOKMARK [1][-]{section.5.1}{\376\377\000\040\000M\000e\000r\000g\000e\000\040\000S\000o\000r\000t\000\040\000-\000\040\000S\036\257\000p\000\040\000x\036\277\000p\000\040\000t\000r\036\331\000n}{chapter.5}% 49
\BOOKMARK [2][-]{subsection.5.1.1}{\376\377\000\040\001\020\036\313\000n\000h\000\040\000n\000g\000h\001\051\000a}{section.5.1}% 50
\BOOKMARK [2][-]{subsection.5.1.2}{\376\377\000\040\000\335\000\040\000t\001\260\036\337\000n\000g}{section.5.1}% 51
\BOOKMARK [2][-]{subsection.5.1.3}{\376\377\000\040\000M\000\343\000\040\000g\000i\036\243\000\040\000-\000\040\000M\000\364\000\040\000h\000\354\000n\000h\000\040\000t\000h\000u\036\255\000t\000\040\000t\000o\000\341\000n}{section.5.1}% 52
\BOOKMARK [2][-]{subsection.5.1.4}{\376\377\000\040\001\020\000\341\000n\000h\000\040\000g\000i\000\341\000\040\000t\000h\000u\036\255\000t\000\040\000t\000o\000\341\000n}{section.5.1}% 53
\BOOKMARK [1][-]{section.5.2}{\376\377\000\040\000N\000a\000t\000u\000r\000a\000l\000\040\000M\000e\000r\000g\000e\000\040\000S\000o\000r\000t\000\040\000-\000\040\000B\036\243\000n\000\040\000n\000\342\000n\000g\000\040\000c\036\245\000p\000\040\000c\036\347\000a\000\040\000M\000e\000r\000g\000e\000\040\000S\000o\000r\000t}{chapter.5}% 54
\BOOKMARK [2][-]{subsection.5.2.1}{\376\377\000\040\001\020\036\313\000n\000h\000\040\000n\000g\000h\001\051\000a}{section.5.2}% 55
\BOOKMARK [2][-]{subsection.5.2.2}{\376\377\000\335\000\040\000t\001\260\036\337\000n\000g\000\040\000m\036\333\000i}{section.5.2}% 56
\BOOKMARK [2][-]{subsection.5.2.3}{\376\377\000\040\000M\000\343\000\040\000g\000i\036\243\000\040\000-\000\040\000M\000\364\000\040\000h\000\354\000n\000h\000\040\000t\000h\000u\036\255\000t\000\040\000t\000o\000\341\000n}{section.5.2}% 57
\BOOKMARK [2][-]{subsection.5.2.4}{\376\377\000\040\001\020\000\341\000n\000h\000\040\000g\000i\000\341\000\040\000t\000h\000u\036\255\000t\000\040\000t\000o\000\341\000n}{section.5.2}% 58
\BOOKMARK [1][-]{section.5.3}{\376\377\000\040\000K\000-\000W\000a\000y\000\040\000M\000e\000r\000g\000e\000\040\000S\000o\000r\000t\000\040\000-\000\040\000M\000e\000r\000g\000e\000\040\000S\000o\000r\000t\000\040\000v\036\333\000i\000\040\000K\000\040\000m\036\243\000n\000g\000\040\000k\000h\000\341\000c\000\040\000n\000h\000a\000u}{chapter.5}% 59
\BOOKMARK [2][-]{subsection.5.3.1}{\376\377\000\040\001\020\036\313\000n\000h\000\040\000n\000g\000h\001\051\000a}{section.5.3}% 60
\BOOKMARK [2][-]{subsection.5.3.2}{\376\377\000\335\000\040\000t\001\260\036\337\000n\000g\000\040\000m\036\333\000i}{section.5.3}% 61
\BOOKMARK [2][-]{subsection.5.3.3}{\376\377\000\040\000M\000\343\000\040\000g\000i\036\243\000\040\000-\000\040\000M\000\364\000\040\000h\000\354\000n\000h\000\040\000t\000h\000u\036\255\000t\000\040\000t\000o\000\341\000n}{section.5.3}% 62
\BOOKMARK [2][-]{subsection.5.3.4}{\376\377\000\040\001\020\000\341\000n\000h\000\040\000g\000i\000\341\000\040\000t\000h\000u\036\255\000t\000\040\000t\000o\000\341\000n}{section.5.3}% 63
\BOOKMARK [0][-]{chapter.6}{\376\377\000\040\000C\000\341\000c\000\040\000t\000h\000u\036\255\000t\000\040\000t\000o\000\341\000n\000\040\000s\036\257\000p\000\040\000x\036\277\000p\000\040\000k\000h\000\341\000c}{}% 64
\BOOKMARK [1][-]{section.6.1}{\376\377\000\040\000C\000o\000u\000n\000t\000i\000n\000g\000\040\000S\000o\000r\000t\000\040\000-\000\040\000S\036\257\000p\000\040\000x\000\352\000p\000\040\001\021\036\277\000m}{chapter.6}% 65
\BOOKMARK [2][-]{subsection.6.1.1}{\376\377\000\040\001\020\036\313\000n\000h\000\040\000n\000g\000h\001\051\000a}{section.6.1}% 66
\BOOKMARK [2][-]{subsection.6.1.2}{\376\377\000\040\000\335\000\040\000t\001\260\036\337\000n\000g}{section.6.1}% 67
\BOOKMARK [2][-]{subsection.6.1.3}{\376\377\000\040\000M\000\343\000\040\000g\000i\036\243\000\040\000-\000\040\000M\000\364\000\040\000h\000\354\000n\000h\000\040\000t\000h\000u\036\255\000t\000\040\000t\000o\000\341\000n}{section.6.1}% 68
\BOOKMARK [2][-]{subsection.6.1.4}{\376\377\000\040\001\020\000\341\000n\000h\000\040\000g\000i\000\341\000\040\000t\000h\000u\036\255\000t\000\040\000t\000o\000\341\000n}{section.6.1}% 69
\BOOKMARK [1][-]{section.6.2}{\376\377\000\040\000R\000a\000d\000i\000x\000\040\000S\000o\000r\000t\000\040\000-\000\040\000S\036\257\000p\000\040\000x\036\277\000p\000\040\000c\001\241\000\040\000s\036\321}{chapter.6}% 70
\BOOKMARK [2][-]{subsection.6.2.1}{\376\377\000\040\001\020\036\313\000n\000h\000\040\000n\000g\000h\001\051\000a}{section.6.2}% 71
\BOOKMARK [2][-]{subsection.6.2.2}{\376\377\000\040\000\335\000\040\000t\001\260\036\337\000n\000g}{section.6.2}% 72
\BOOKMARK [2][-]{subsection.6.2.3}{\376\377\000\040\000M\000\343\000\040\000g\000i\036\243\000\040\000-\000\040\000M\000\364\000\040\000h\000\354\000n\000h\000\040\000t\000h\000u\036\255\000t\000\040\000t\000o\000\341\000n}{section.6.2}% 73
\BOOKMARK [2][-]{subsection.6.2.4}{\376\377\000\040\001\020\000\341\000n\000h\000\040\000g\000i\000\341\000\040\000t\000h\000u\036\255\000t\000\040\000t\000o\000\341\000n}{section.6.2}% 74
